<?xml version="1.0" encoding="UTF-8"?>
<!-- Generated by org.testng.reporters.JUnitXMLReporter -->
<testsuite ignored="0" hostname="NAGSEZ545719L" failures="0" tests="3" name="orangehrmest" time="67.046" errors="0" timestamp="2023-12-11T11:28:50 IST">
  <testcase classname="testClasses.TC_001_Login_with_valid_credentials" name="test_login_with_valid_credentials" time="17.437"/>
  <testcase classname="testClasses.TC_002_Forget_Password_Link" name="forget_password_test" time="13.661"/>
  <testcase classname="testClasses.TC_003_Logout_Functionality" name="forget_password_test" time="10.767"/>
</testsuite> <!-- orangehrmest -->
