<?xml version="1.0" encoding="UTF-8"?>
<testng-results ignored="0" total="3" passed="3" failed="0" skipped="0">
  <reporter-output>
  </reporter-output>
  <suite started-at="2023-12-13T22:42:53 IST" name="orangehrmSuite" finished-at="2023-12-13T22:44:07 IST" duration-ms="74514">
    <groups>
      <group name="Master">
        <method signature="TC_001_Login_with_valid_credentials.test_login_with_valid_credentials()[pri:0, instance:testClasses.TC_001_Login_with_valid_credentials@1725dc0f]" name="test_login_with_valid_credentials" class="testClasses.TC_001_Login_with_valid_credentials"/>
        <method signature="TC_002_Forget_Password_Link.forget_password_test()[pri:0, instance:testClasses.TC_002_Forget_Password_Link@15eb5ee5]" name="forget_password_test" class="testClasses.TC_002_Forget_Password_Link"/>
      </group> <!-- Master -->
      <group name="Sanity">
        <method signature="TC_002_Forget_Password_Link.forget_password_test()[pri:0, instance:testClasses.TC_002_Forget_Password_Link@15eb5ee5]" name="forget_password_test" class="testClasses.TC_002_Forget_Password_Link"/>
      </group> <!-- Sanity -->
      <group name="Regression">
        <method signature="TC_001_Login_with_valid_credentials.test_login_with_valid_credentials()[pri:0, instance:testClasses.TC_001_Login_with_valid_credentials@1725dc0f]" name="test_login_with_valid_credentials" class="testClasses.TC_001_Login_with_valid_credentials"/>
      </group> <!-- Regression -->
    </groups>
    <test started-at="2023-12-13T22:42:53 IST" name="orangehrmest" finished-at="2023-12-13T22:44:07 IST" duration-ms="74514">
      <class name="testClasses.TC_003_Logout_Functionality">
        <test-method is-config="true" signature="setup(java.lang.String)[pri:0, instance:testClasses.TC_003_Logout_Functionality@2145b572]" started-at="2023-12-13T22:43:46 IST" name="setup" finished-at="2023-12-13T22:43:53 IST" duration-ms="7044" status="PASS">
          <params>
            <param index="0">
              <value>
                <![CDATA[chrome]]>
              </value>
            </param>
          </params>
          <reporter-output>
          </reporter-output>
        </test-method> <!-- setup -->
        <test-method signature="forget_password_test()[pri:0, instance:testClasses.TC_003_Logout_Functionality@2145b572]" started-at="2023-12-13T22:43:53 IST" name="forget_password_test" finished-at="2023-12-13T22:44:06 IST" duration-ms="13145" status="PASS">
          <reporter-output>
          </reporter-output>
        </test-method> <!-- forget_password_test -->
        <test-method is-config="true" signature="teardown()[pri:0, instance:testClasses.TC_003_Logout_Functionality@2145b572]" started-at="2023-12-13T22:44:06 IST" name="teardown" finished-at="2023-12-13T22:44:07 IST" duration-ms="1444" status="PASS">
          <reporter-output>
          </reporter-output>
        </test-method> <!-- teardown -->
      </class> <!-- testClasses.TC_003_Logout_Functionality -->
      <class name="testClasses.TC_001_Login_with_valid_credentials">
        <test-method is-config="true" signature="setup(java.lang.String)[pri:0, instance:testClasses.TC_001_Login_with_valid_credentials@1725dc0f]" started-at="2023-12-13T22:42:53 IST" name="setup" finished-at="2023-12-13T22:43:04 IST" duration-ms="10867" status="PASS">
          <params>
            <param index="0">
              <value>
                <![CDATA[chrome]]>
              </value>
            </param>
          </params>
          <reporter-output>
          </reporter-output>
        </test-method> <!-- setup -->
        <test-method signature="test_login_with_valid_credentials()[pri:0, instance:testClasses.TC_001_Login_with_valid_credentials@1725dc0f]" started-at="2023-12-13T22:43:04 IST" name="test_login_with_valid_credentials" finished-at="2023-12-13T22:43:20 IST" duration-ms="16228" status="PASS">
          <reporter-output>
          </reporter-output>
        </test-method> <!-- test_login_with_valid_credentials -->
        <test-method is-config="true" signature="teardown()[pri:0, instance:testClasses.TC_001_Login_with_valid_credentials@1725dc0f]" started-at="2023-12-13T22:43:20 IST" name="teardown" finished-at="2023-12-13T22:43:22 IST" duration-ms="1911" status="PASS">
          <reporter-output>
          </reporter-output>
        </test-method> <!-- teardown -->
      </class> <!-- testClasses.TC_001_Login_with_valid_credentials -->
      <class name="testClasses.TC_002_Forget_Password_Link">
        <test-method is-config="true" signature="setup(java.lang.String)[pri:0, instance:testClasses.TC_002_Forget_Password_Link@15eb5ee5]" started-at="2023-12-13T22:43:22 IST" name="setup" finished-at="2023-12-13T22:43:30 IST" duration-ms="7812" status="PASS">
          <params>
            <param index="0">
              <value>
                <![CDATA[chrome]]>
              </value>
            </param>
          </params>
          <reporter-output>
          </reporter-output>
        </test-method> <!-- setup -->
        <test-method signature="forget_password_test()[pri:0, instance:testClasses.TC_002_Forget_Password_Link@15eb5ee5]" started-at="2023-12-13T22:43:30 IST" name="forget_password_test" finished-at="2023-12-13T22:43:44 IST" duration-ms="14201" status="PASS">
          <reporter-output>
          </reporter-output>
        </test-method> <!-- forget_password_test -->
        <test-method is-config="true" signature="teardown()[pri:0, instance:testClasses.TC_002_Forget_Password_Link@15eb5ee5]" started-at="2023-12-13T22:43:44 IST" name="teardown" finished-at="2023-12-13T22:43:46 IST" duration-ms="1287" status="PASS">
          <reporter-output>
          </reporter-output>
        </test-method> <!-- teardown -->
      </class> <!-- testClasses.TC_002_Forget_Password_Link -->
    </test> <!-- orangehrmest -->
  </suite> <!-- orangehrmSuite -->
</testng-results>
