<?xml version="1.0" encoding="UTF-8"?>
<testng-results ignored="0" total="3" passed="3" failed="0" skipped="0">
  <reporter-output>
  </reporter-output>
  <suite started-at="2023-12-11T11:27:43 IST" name="orangehrmSuite" finished-at="2023-12-11T11:28:50 IST" duration-ms="67046">
    <groups>
      <group name="Master">
        <method signature="TC_001_Login_with_valid_credentials.test_login_with_valid_credentials()[pri:0, instance:testClasses.TC_001_Login_with_valid_credentials@229c6181]" name="test_login_with_valid_credentials" class="testClasses.TC_001_Login_with_valid_credentials"/>
        <method signature="TC_002_Forget_Password_Link.forget_password_test()[pri:0, instance:testClasses.TC_002_Forget_Password_Link@45099dd3]" name="forget_password_test" class="testClasses.TC_002_Forget_Password_Link"/>
      </group> <!-- Master -->
      <group name="Sanity">
        <method signature="TC_002_Forget_Password_Link.forget_password_test()[pri:0, instance:testClasses.TC_002_Forget_Password_Link@45099dd3]" name="forget_password_test" class="testClasses.TC_002_Forget_Password_Link"/>
      </group> <!-- Sanity -->
      <group name="Regression">
        <method signature="TC_001_Login_with_valid_credentials.test_login_with_valid_credentials()[pri:0, instance:testClasses.TC_001_Login_with_valid_credentials@229c6181]" name="test_login_with_valid_credentials" class="testClasses.TC_001_Login_with_valid_credentials"/>
      </group> <!-- Regression -->
    </groups>
    <test started-at="2023-12-11T11:27:43 IST" name="orangehrmest" finished-at="2023-12-11T11:28:50 IST" duration-ms="67046">
      <class name="testClasses.TC_003_Logout_Functionality">
        <test-method is-config="true" signature="setup(java.lang.String)[pri:0, instance:testClasses.TC_003_Logout_Functionality@13e344d]" started-at="2023-12-11T11:28:32 IST" name="setup" finished-at="2023-12-11T11:28:38 IST" duration-ms="5998" status="PASS">
          <params>
            <param index="0">
              <value>
                <![CDATA[chrome]]>
              </value>
            </param>
          </params>
          <reporter-output>
          </reporter-output>
        </test-method> <!-- setup -->
        <test-method signature="forget_password_test()[pri:0, instance:testClasses.TC_003_Logout_Functionality@13e344d]" started-at="2023-12-11T11:28:38 IST" name="forget_password_test" finished-at="2023-12-11T11:28:49 IST" duration-ms="10767" status="PASS">
          <reporter-output>
          </reporter-output>
        </test-method> <!-- forget_password_test -->
        <test-method is-config="true" signature="teardown()[pri:0, instance:testClasses.TC_003_Logout_Functionality@13e344d]" started-at="2023-12-11T11:28:49 IST" name="teardown" finished-at="2023-12-11T11:28:50 IST" duration-ms="1004" status="PASS">
          <reporter-output>
          </reporter-output>
        </test-method> <!-- teardown -->
      </class> <!-- testClasses.TC_003_Logout_Functionality -->
      <class name="testClasses.TC_001_Login_with_valid_credentials">
        <test-method is-config="true" signature="setup(java.lang.String)[pri:0, instance:testClasses.TC_001_Login_with_valid_credentials@229c6181]" started-at="2023-12-11T11:27:43 IST" name="setup" finished-at="2023-12-11T11:27:52 IST" duration-ms="8942" status="PASS">
          <params>
            <param index="0">
              <value>
                <![CDATA[chrome]]>
              </value>
            </param>
          </params>
          <reporter-output>
          </reporter-output>
        </test-method> <!-- setup -->
        <test-method signature="test_login_with_valid_credentials()[pri:0, instance:testClasses.TC_001_Login_with_valid_credentials@229c6181]" started-at="2023-12-11T11:27:52 IST" name="test_login_with_valid_credentials" finished-at="2023-12-11T11:28:09 IST" duration-ms="17437" status="PASS">
          <reporter-output>
          </reporter-output>
        </test-method> <!-- test_login_with_valid_credentials -->
        <test-method is-config="true" signature="teardown()[pri:0, instance:testClasses.TC_001_Login_with_valid_credentials@229c6181]" started-at="2023-12-11T11:28:09 IST" name="teardown" finished-at="2023-12-11T11:28:11 IST" duration-ms="1145" status="PASS">
          <reporter-output>
          </reporter-output>
        </test-method> <!-- teardown -->
      </class> <!-- testClasses.TC_001_Login_with_valid_credentials -->
      <class name="testClasses.TC_002_Forget_Password_Link">
        <test-method is-config="true" signature="setup(java.lang.String)[pri:0, instance:testClasses.TC_002_Forget_Password_Link@45099dd3]" started-at="2023-12-11T11:28:11 IST" name="setup" finished-at="2023-12-11T11:28:17 IST" duration-ms="6673" status="PASS">
          <params>
            <param index="0">
              <value>
                <![CDATA[chrome]]>
              </value>
            </param>
          </params>
          <reporter-output>
          </reporter-output>
        </test-method> <!-- setup -->
        <test-method signature="forget_password_test()[pri:0, instance:testClasses.TC_002_Forget_Password_Link@45099dd3]" started-at="2023-12-11T11:28:17 IST" name="forget_password_test" finished-at="2023-12-11T11:28:31 IST" duration-ms="13661" status="PASS">
          <reporter-output>
          </reporter-output>
        </test-method> <!-- forget_password_test -->
        <test-method is-config="true" signature="teardown()[pri:0, instance:testClasses.TC_002_Forget_Password_Link@45099dd3]" started-at="2023-12-11T11:28:31 IST" name="teardown" finished-at="2023-12-11T11:28:32 IST" duration-ms="986" status="PASS">
          <reporter-output>
          </reporter-output>
        </test-method> <!-- teardown -->
      </class> <!-- testClasses.TC_002_Forget_Password_Link -->
    </test> <!-- orangehrmest -->
  </suite> <!-- orangehrmSuite -->
</testng-results>
